SF:src/TensorDiagrams.jl
DA:56,1
DA:57,1
DA:58,2
DA:59,2
DA:61,1
DA:62,2
DA:63,2
DA:64,1
DA:117,249228
DA:119,124114
DA:122,3034
DA:175,51062
DA:177,25531
DA:196,110201
DA:197,110201
DA:216,23279
DA:217,23279
DA:236,42792
DA:237,42792
DA:238,42792
DA:239,42792
DA:263,8233
DA:264,8233
DA:265,8233
DA:268,15613
DA:269,853
DA:272,7380
LH:27
LF:27
end_of_record
SF:src/diagram_adjoints_and_flips.jl
DA:29,0
DA:30,0
DA:31,0
DA:46,0
DA:47,0
DA:48,0
DA:49,0
DA:64,0
DA:65,0
DA:66,0
DA:81,0
DA:82,0
DA:83,0
DA:84,0
DA:110,0
DA:111,0
DA:114,0
DA:115,0
DA:117,0
DA:121,0
DA:126,0
DA:127,0
DA:128,0
DA:129,0
DA:133,0
DA:134,0
DA:135,0
DA:139,0
DA:140,0
DA:141,0
DA:142,0
DA:143,0
DA:144,0
DA:147,0
DA:149,0
DA:173,0
DA:174,0
DA:176,0
DA:178,0
DA:179,0
DA:180,0
DA:182,0
DA:183,0
DA:184,0
DA:185,0
DA:187,0
LH:0
LF:46
end_of_record
SF:src/diagram_completion.jl
DA:21,0
DA:23,0
DA:25,0
DA:26,0
DA:27,0
DA:28,0
DA:30,0
DA:31,0
DA:35,0
DA:38,0
DA:39,0
DA:43,0
DA:44,0
DA:45,0
DA:46,0
DA:51,0
DA:52,0
DA:55,0
DA:59,0
DA:61,0
DA:62,0
DA:65,0
DA:66,0
DA:67,0
DA:68,0
DA:69,0
DA:70,0
DA:71,0
DA:72,0
DA:73,0
DA:74,0
LH:0
LF:31
end_of_record
SF:src/diagram_consistency.jl
DA:39,7167
DA:40,7167
DA:42,7167
DA:43,14334
DA:45,14334
DA:47,7167
DA:50,14334
DA:52,7167
DA:54,1154518
DA:56,788230
DA:58,7167
DA:60,7167
DA:62,7167
DA:64,7167
DA:66,7167
DA:68,7167
DA:70,7167
DA:81,3688
DA:82,3688
DA:83,3688
DA:85,3688
DA:127,738
DA:128,738
DA:130,738
DA:131,738
DA:133,738
DA:135,738
DA:136,738
DA:137,738
DA:138,19372
DA:139,3688
DA:141,8211
DA:143,10055
DA:144,738
DA:146,738
DA:147,738
DA:148,8949
DA:151,738
DA:153,1476
DA:155,1476
DA:157,738
DA:159,2952
DA:160,2952
DA:161,738
DA:164,738
DA:165,2952
DA:166,2952
DA:167,2952
DA:169,2952
DA:170,2952
DA:171,2952
DA:172,2230
DA:173,2230
DA:175,722
DA:176,722
DA:178,2952
DA:179,2952
DA:181,1476
DA:183,738
DA:186,738
DA:188,738
DA:189,3167
DA:191,3167
DA:194,3167
DA:196,3167
DA:198,3167
DA:199,0
DA:200,0
DA:202,3167
DA:205,3167
DA:206,0
DA:208,3167
DA:211,5596
DA:213,738
DA:214,738
DA:216,738
DA:217,738
DA:218,3167
DA:219,10055
DA:220,6924
DA:221,1844
DA:223,7376
DA:225,16943
DA:226,5596
DA:228,738
DA:229,1190
DA:230,1844
DA:231,1844
DA:232,1844
DA:233,1844
DA:234,0
DA:235,0
DA:238,1844
DA:240,738
DA:243,0
DA:244,0
DA:245,0
DA:246,0
DA:247,0
DA:248,0
DA:249,0
DA:250,0
DA:252,0
DA:253,0
DA:255,0
DA:267,0
DA:268,0
DA:269,0
DA:270,0
DA:272,0
DA:273,0
DA:274,0
DA:275,0
LH:89
LF:113
end_of_record
SF:src/diagram_gluing.jl
DA:6,0
DA:7,0
DA:8,0
DA:9,0
DA:10,0
DA:11,0
DA:12,0
DA:13,0
DA:14,0
DA:16,0
DA:35,0
DA:38,0
DA:39,0
DA:41,0
DA:42,0
DA:53,0
DA:54,0
DA:55,0
DA:57,0
DA:58,0
DA:59,0
DA:62,0
DA:66,0
DA:67,0
DA:69,0
DA:70,0
DA:74,0
DA:75,0
DA:79,0
DA:80,0
DA:82,0
DA:83,0
DA:84,0
DA:86,0
DA:87,0
DA:89,0
DA:90,0
DA:92,0
DA:93,0
DA:96,0
DA:98,0
DA:99,0
DA:101,0
DA:102,0
DA:103,0
DA:104,0
DA:105,0
DA:106,0
DA:108,0
DA:114,0
DA:115,0
DA:116,0
DA:119,0
DA:120,0
DA:122,0
DA:123,0
DA:126,0
DA:127,0
DA:128,0
DA:130,0
DA:131,0
DA:132,0
DA:140,0
DA:141,0
DA:143,0
DA:145,0
DA:146,0
DA:147,0
DA:148,0
DA:149,0
DA:150,0
DA:151,0
DA:153,0
DA:154,0
DA:155,0
DA:157,0
DA:158,0
DA:159,0
DA:160,0
DA:162,0
DA:165,0
DA:166,0
DA:171,0
DA:172,0
DA:178,0
DA:179,0
DA:181,0
DA:182,0
DA:188,0
DA:189,0
DA:196,0
DA:199,0
DA:200,0
DA:204,0
DA:207,0
DA:208,0
DA:213,0
DA:214,0
DA:217,0
DA:220,0
DA:221,0
DA:224,0
DA:231,0
DA:232,0
DA:239,0
DA:240,0
DA:241,0
DA:242,0
DA:243,0
DA:245,0
DA:246,0
DA:248,0
DA:252,0
DA:253,0
DA:258,0
DA:259,0
DA:261,0
DA:265,0
DA:266,0
DA:270,0
DA:271,0
DA:277,0
DA:278,0
DA:280,0
DA:281,0
DA:282,0
DA:285,0
DA:289,0
DA:297,0
DA:298,0
DA:301,0
LH:0
LF:131
end_of_record
SF:src/diagram_plotting_utils.jl
DA:40,0
DA:41,0
DA:42,0
DA:44,0
DA:45,0
DA:46,0
DA:47,0
DA:48,0
DA:50,0
DA:58,0
DA:59,0
DA:60,0
DA:62,0
DA:65,0
DA:67,0
DA:69,0
DA:89,0
DA:90,0
DA:91,0
DA:94,0
DA:95,0
DA:96,0
DA:97,0
DA:100,0
DA:101,0
DA:102,0
DA:105,0
DA:106,0
DA:107,0
DA:108,0
DA:109,0
DA:110,0
DA:112,0
DA:115,0
DA:129,0
DA:130,0
DA:131,0
DA:133,0
DA:134,0
DA:135,0
DA:136,0
DA:138,0
DA:166,0
DA:168,0
DA:169,0
DA:172,0
DA:173,0
DA:176,0
DA:177,0
DA:178,0
DA:179,0
DA:182,0
DA:191,0
DA:198,0
DA:199,0
DA:200,0
DA:202,0
DA:203,0
DA:204,0
DA:205,0
DA:206,0
DA:208,0
DA:215,0
DA:217,0
DA:218,0
DA:221,0
DA:225,0
DA:226,0
DA:227,0
DA:230,0
DA:231,0
DA:232,0
DA:234,0
DA:235,0
DA:239,0
DA:240,0
DA:241,0
DA:242,0
DA:243,0
DA:244,0
DA:245,0
DA:248,0
DA:249,0
DA:253,0
DA:267,0
DA:268,0
DA:269,0
DA:270,0
DA:272,0
DA:274,0
DA:275,0
DA:276,0
DA:278,0
DA:280,0
DA:284,0
DA:289,0
DA:290,0
DA:292,0
DA:296,0
DA:297,0
DA:298,0
DA:315,0
DA:316,0
DA:317,0
DA:318,0
DA:319,0
DA:321,0
DA:322,0
DA:323,0
DA:325,0
DA:328,0
DA:330,0
DA:331,0
DA:334,0
DA:336,0
DA:337,0
DA:338,0
DA:339,0
DA:340,0
DA:361,0
DA:363,0
DA:364,0
DA:367,0
DA:369,0
DA:370,0
DA:371,0
DA:372,0
DA:375,0
DA:376,0
DA:378,0
DA:379,0
DA:380,0
DA:381,0
DA:385,0
DA:386,0
DA:388,0
DA:389,0
DA:390,0
DA:391,0
DA:393,0
DA:399,0
DA:400,0
DA:401,0
DA:402,0
DA:403,0
DA:404,0
DA:405,0
DA:406,0
DA:407,0
DA:408,0
DA:411,0
DA:412,0
DA:413,0
DA:415,0
DA:416,0
DA:417,0
DA:418,0
DA:420,0
DA:422,0
DA:423,0
DA:425,0
DA:426,0
DA:427,0
DA:428,0
DA:429,0
DA:430,0
DA:431,0
DA:433,0
DA:434,0
DA:437,0
DA:440,0
DA:441,0
DA:442,0
DA:443,0
DA:445,0
DA:449,0
DA:450,0
DA:467,0
DA:468,0
DA:470,0
DA:471,0
DA:472,0
DA:473,0
DA:475,0
DA:482,0
DA:486,0
DA:487,0
DA:488,0
DA:489,0
DA:491,0
DA:492,0
DA:494,0
DA:495,0
DA:498,0
DA:534,0
DA:550,0
DA:551,0
DA:553,0
DA:554,0
DA:555,0
DA:556,0
DA:559,0
DA:562,0
DA:563,0
DA:565,0
DA:567,0
DA:568,0
DA:569,0
DA:570,0
DA:573,0
DA:576,0
DA:577,0
DA:578,0
DA:579,0
DA:580,0
DA:581,0
DA:584,0
DA:586,0
DA:593,0
DA:594,0
DA:595,0
DA:596,0
DA:598,0
DA:599,0
DA:600,0
DA:601,0
DA:602,0
DA:603,0
DA:606,0
DA:607,0
DA:608,0
DA:609,0
DA:610,0
DA:612,0
DA:613,0
DA:614,0
DA:617,0
DA:620,0
DA:628,0
DA:629,0
DA:630,0
DA:634,0
DA:638,0
DA:639,0
DA:640,0
DA:641,0
DA:643,0
DA:645,0
DA:646,0
DA:647,0
DA:649,0
DA:650,0
DA:651,0
DA:653,0
DA:656,0
DA:657,0
DA:658,0
DA:659,0
DA:663,0
DA:665,0
DA:666,0
DA:667,0
DA:669,0
DA:670,0
DA:671,0
DA:673,0
DA:676,0
DA:677,0
DA:678,0
DA:679,0
DA:684,0
DA:687,0
DA:688,0
DA:689,0
DA:690,0
DA:691,0
DA:693,0
DA:696,0
DA:697,0
DA:698,0
DA:700,0
DA:701,0
DA:702,0
DA:703,0
DA:704,0
DA:705,0
DA:706,0
DA:707,0
DA:708,0
DA:709,0
DA:710,0
DA:711,0
DA:714,0
DA:717,0
DA:720,0
DA:721,0
DA:723,0
DA:726,0
DA:727,0
DA:728,0
DA:729,0
DA:732,0
DA:739,0
DA:740,0
DA:741,0
DA:742,0
DA:743,0
DA:744,0
DA:746,0
DA:748,0
DA:751,0
DA:752,0
DA:753,0
DA:784,0
DA:785,0
DA:786,0
DA:789,0
DA:792,0
DA:795,0
DA:797,0
DA:799,0
DA:801,0
DA:802,0
DA:803,0
DA:805,0
DA:806,0
DA:807,0
DA:808,0
DA:810,0
DA:813,0
DA:814,0
DA:815,0
DA:816,0
DA:818,0
LH:0
LF:334
end_of_record
SF:src/diagram_printing_utils.jl
DA:16,0
DA:17,0
DA:19,0
DA:22,0
DA:23,0
DA:25,0
DA:26,0
DA:28,0
DA:32,0
DA:33,0
DA:34,0
DA:35,0
DA:38,0
DA:39,0
DA:40,0
DA:41,0
DA:43,0
DA:44,0
DA:45,0
DA:46,0
DA:49,0
DA:50,0
DA:51,0
DA:53,0
DA:54,0
DA:56,0
DA:57,0
DA:58,0
DA:60,0
DA:64,0
DA:65,0
DA:66,0
DA:67,0
DA:69,0
DA:70,0
DA:71,0
DA:75,0
DA:76,0
DA:79,0
DA:80,0
DA:81,0
DA:82,0
DA:83,0
DA:84,0
DA:86,0
DA:87,0
DA:89,0
DA:90,0
DA:91,0
DA:93,0
DA:95,0
DA:98,0
DA:100,0
DA:101,0
DA:102,0
DA:104,0
DA:105,0
DA:106,0
DA:107,0
DA:108,0
DA:110,0
DA:111,0
DA:112,0
DA:115,0
DA:116,0
DA:119,0
DA:121,0
DA:123,0
DA:126,0
DA:129,0
DA:131,0
DA:132,0
DA:134,0
DA:135,0
DA:136,0
DA:137,0
DA:138,0
DA:140,0
DA:150,0
DA:151,0
DA:164,0
DA:165,0
DA:167,0
DA:170,0
DA:171,0
DA:173,0
DA:174,0
DA:176,0
DA:180,0
DA:181,0
DA:182,0
DA:184,0
DA:185,0
DA:187,0
DA:188,0
DA:189,0
DA:193,0
DA:194,0
DA:195,0
DA:197,0
DA:198,0
DA:199,0
DA:203,0
DA:204,0
DA:205,0
DA:206,0
DA:209,0
DA:210,0
DA:211,0
DA:212,0
DA:216,0
DA:217,0
DA:218,0
DA:225,0
DA:232,0
DA:235,0
DA:236,0
DA:237,0
DA:238,0
DA:239,0
DA:241,0
DA:242,0
DA:244,0
DA:245,0
DA:246,0
DA:247,0
DA:248,0
DA:250,0
DA:260,0
DA:261,0
DA:264,0
DA:265,0
DA:266,0
DA:267,0
DA:268,0
DA:269,0
DA:273,0
DA:274,0
DA:275,0
DA:276,0
DA:277,0
DA:278,0
DA:279,0
DA:280,0
DA:283,0
DA:284,0
DA:285,0
DA:287,0
DA:288,0
DA:289,0
DA:290,0
DA:291,0
DA:293,0
DA:294,0
DA:296,0
DA:297,0
DA:298,0
DA:299,0
DA:301,0
DA:304,0
DA:305,0
DA:306,0
DA:307,0
DA:309,0
DA:312,0
DA:313,0
DA:314,0
DA:315,0
DA:316,0
DA:317,0
DA:318,0
DA:319,0
DA:320,0
LH:0
LF:173
end_of_record
SF:src/diagram_reflection.jl
DA:25,6430
DA:26,6430
DA:28,6430
DA:30,12860
DA:31,5101
DA:33,12860
DA:34,5108
DA:37,12860
DA:38,5076
DA:40,12860
DA:41,5087
DA:44,6430
DA:45,6430
DA:47,6430
DA:63,6430
DA:64,6430
DA:66,6430
DA:68,12860
DA:69,5080
DA:71,12860
DA:72,5083
DA:76,12860
DA:77,5130
DA:79,12860
DA:80,5079
DA:83,6430
DA:84,6430
DA:86,6430
DA:103,3000
DA:104,3000
DA:105,1000
DA:106,2000
DA:107,1000
DA:109,1000
DA:126,85584
DA:127,1673
DA:129,85584
DA:130,1673
DA:132,85584
DA:159,0
DA:160,0
DA:162,0
DA:164,0
DA:165,0
DA:167,0
DA:168,0
DA:169,0
DA:170,0
DA:171,0
DA:172,0
DA:175,0
DA:176,0
DA:178,0
DA:179,0
DA:181,0
DA:182,0
DA:185,0
LH:39
LF:57
end_of_record
SF:src/diagram_rotation.jl
DA:21,11776
DA:22,11776
DA:23,23552
DA:24,9313
DA:26,23552
DA:27,9322
DA:29,23552
DA:30,9297
DA:32,23552
DA:33,9299
DA:35,11776
DA:43,0
DA:44,0
DA:45,0
DA:46,0
DA:48,0
DA:49,0
DA:51,0
DA:52,0
DA:54,0
DA:55,0
DA:57,0
DA:78,99098
DA:79,99098
DA:83,93341
DA:84,93341
DA:91,93341
DA:92,11776
DA:93,11776
DA:94,15122
DA:96,93341
DA:100,85584
DA:120,0
DA:121,0
DA:123,0
DA:124,0
DA:125,0
DA:129,0
DA:133,0
DA:134,0
DA:135,0
DA:136,0
DA:139,0
DA:142,0
DA:143,0
DA:144,0
DA:145,0
DA:147,0
DA:151,0
DA:153,0
LH:21
LF:50
end_of_record
SF:src/diagram_standardizer.jl
DA:26,17980
DA:27,17980
DA:28,0
DA:30,17980
DA:31,17980
DA:32,17980
DA:33,17980
DA:47,757
DA:48,757
DA:70,0
DA:71,0
DA:72,0
DA:73,0
DA:74,0
DA:75,0
DA:76,0
DA:77,0
DA:78,0
DA:79,0
DA:82,0
DA:96,0
DA:97,0
DA:98,0
DA:99,0
DA:113,0
DA:114,0
DA:115,0
DA:116,0
DA:118,0
DA:132,0
DA:133,0
DA:134,0
DA:135,0
DA:155,17223
DA:157,17223
DA:161,68892
DA:164,17223
DA:166,17223
DA:167,137784
DA:168,68892
DA:169,68892
DA:170,126425
DA:171,173881
DA:172,290229
DA:174,120561
DA:177,341624
DA:180,34238
DA:181,17223
DA:185,17223
DA:186,17223
DA:187,76336
DA:188,485953
DA:189,201691
DA:191,503176
DA:192,251588
DA:193,135449
DA:196,17223
DA:197,17223
DA:198,17223
DA:201,17223
DA:204,17223
DA:205,347762
DA:206,22087
DA:210,151794
DA:211,287161
DA:212,43861
DA:213,43861
DA:218,222185
DA:219,70391
DA:223,70391
DA:224,70391
DA:226,318213
DA:228,43796
DA:229,43796
DA:230,43796
DA:233,43796
DA:234,175184
DA:235,26530
DA:236,26530
DA:238,87592
DA:240,239386
DA:242,70391
DA:243,173881
DA:247,17223
DA:248,267590
DA:250,17223
DA:251,17223
DA:252,1790
DA:253,1889
DA:254,1790
DA:255,6101
DA:256,6101
DA:257,6101
DA:261,17223
DA:265,34446
DA:266,68892
DA:267,68892
DA:268,68892
DA:269,120561
DA:272,34446
DA:273,34446
DA:275,17223
DA:276,223778
DA:277,218576
DA:279,223778
DA:282,17223
DA:283,17223
DA:284,17223
DA:286,17223
LH:84
LF:109
end_of_record
SF:src/diagram_to_code.jl
DA:24,0
DA:25,0
DA:27,0
DA:29,0
DA:30,0
DA:31,0
DA:32,0
DA:33,0
DA:35,0
DA:39,0
DA:56,0
DA:57,0
DA:72,0
DA:73,0
DA:79,0
DA:80,0
DA:81,0
DA:86,0
DA:87,0
DA:88,0
DA:90,0
DA:95,0
DA:97,0
DA:98,0
DA:99,0
DA:100,0
DA:101,0
DA:102,0
DA:103,0
DA:105,0
DA:108,0
DA:110,0
LH:0
LF:32
end_of_record
SF:src/palette.jl
LH:0
LF:0
end_of_record
SF:src/random_generators.jl
DA:31,27826
DA:33,55652
DA:34,13913
DA:37,13913
DA:38,73717
DA:39,73717
DA:40,35425
DA:42,73717
DA:43,133521
DA:44,13913
DA:46,13913
DA:47,937
DA:56,12976
DA:58,12976
DA:60,12976
DA:61,25952
DA:65,12976
DA:86,6000
DA:87,3000
DA:90,3000
DA:91,5999
DA:92,3000
DA:93,3000
DA:109,8000
DA:110,4000
DA:111,4000
DA:112,7998
DA:113,4000
DA:114,4000
DA:147,5028
DA:152,2514
DA:153,2514
DA:154,262
DA:157,2252
DA:164,2252
DA:165,4504
DA:166,2252
DA:167,6070
DA:169,1125
DA:170,70
DA:171,52
DA:172,44
DA:173,22
DA:175,30
DA:176,30
DA:179,18
DA:182,1055
DA:183,1055
DA:189,6778
DA:191,5404
DA:193,1137
DA:194,1137
DA:196,5404
DA:198,1137
DA:199,1137
DA:200,1649
DA:201,975
DA:203,674
DA:204,674
DA:206,1137
DA:207,1137
DA:208,4504
DA:212,2252
DA:215,2252
DA:216,2252
DA:217,9913
DA:218,32113
DA:219,54313
DA:220,17574
DA:221,2252
DA:225,2252
DA:226,2252
DA:228,471268
DA:230,35038
DA:231,15423
DA:232,15423
DA:234,4192
DA:237,19615
DA:238,19615
DA:239,19615
DA:240,37106
DA:244,2252
DA:245,8501
DA:246,6249
DA:249,20883
DA:251,12115
DA:252,383
DA:254,5866
DA:255,5866
DA:258,6249
DA:259,6249
DA:260,6249
DA:261,6249
DA:264,2252
DA:265,2252
DA:266,2252
DA:268,9913
DA:271,9913
DA:273,9913
DA:274,937
DA:276,8976
DA:280,9913
DA:281,32113
DA:282,23635
DA:283,6249
DA:284,6249
DA:287,54313
DA:289,9913
DA:290,17574
DA:294,2252
DA:295,2252
DA:297,9008
DA:298,4376
DA:301,2252
DA:302,19615
DA:303,19615
DA:304,19615
DA:307,2252
DA:308,2252
DA:309,9008
DA:310,9008
DA:313,2252
DA:315,2252
DA:316,9008
DA:317,9008
DA:318,15882
DA:319,9008
DA:321,2252
DA:325,2252
DA:336,3028
DA:338,1514
DA:339,3028
DA:340,3897
DA:343,1514
DA:344,1514
DA:345,6056
DA:346,6056
DA:347,6056
DA:348,6056
DA:350,3012
DA:351,168
DA:354,1346
DA:356,1346
DA:357,2692
DA:358,5384
DA:359,5384
DA:361,5384
DA:363,9002
DA:364,10768
DA:366,1346
DA:367,1346
DA:368,2383
DA:369,2383
DA:370,2383
DA:371,2383
DA:372,3420
DA:374,1346
LH:157
LF:157
end_of_record
SF:src/space_id.jl
DA:12,0
DA:18,0
DA:19,0
DA:23,0
DA:24,0
DA:27,0
DA:28,0
DA:29,0
DA:30,0
DA:31,0
DA:33,0
DA:35,0
DA:36,0
DA:39,0
DA:40,0
DA:43,0
DA:44,0
DA:45,0
DA:47,0
DA:49,0
DA:51,0
DA:52,0
DA:53,0
DA:55,0
DA:56,0
DA:58,0
DA:59,0
DA:60,0
DA:64,0
DA:65,0
DA:66,0
DA:67,0
DA:68,0
DA:69,0
DA:70,0
DA:71,0
DA:72,0
DA:73,0
DA:75,0
DA:77,0
DA:78,0
DA:80,0
DA:82,0
DA:90,0
DA:91,0
DA:92,0
DA:93,0
DA:95,0
DA:116,0
DA:117,0
DA:118,0
DA:119,0
DA:120,0
DA:121,0
DA:122,0
DA:124,0
DA:126,0
LH:0
LF:57
end_of_record
SF:src/utils.jl
DA:22,0
DA:23,0
DA:24,0
DA:25,0
DA:26,0
DA:28,0
DA:29,0
DA:43,2383
DA:44,2383
DA:45,2383
DA:46,2383
DA:47,2383
DA:68,0
DA:69,0
DA:70,0
DA:71,0
DA:72,0
DA:75,0
DA:77,0
DA:79,0
DA:80,0
DA:82,0
DA:83,0
DA:87,0
DA:88,0
DA:92,0
DA:93,0
DA:94,0
DA:95,0
DA:98,0
DA:99,0
DA:101,0
DA:102,0
DA:103,0
DA:106,0
DA:107,0
DA:108,0
DA:124,0
DA:125,0
DA:126,0
DA:127,0
DA:129,0
LH:5
LF:42
end_of_record
