SF:src/2x1_specific/diagram_processing.jl
DA:34,0
DA:41,0
DA:42,0
DA:43,0
DA:46,0
DA:47,0
DA:54,0
DA:55,0
DA:56,0
DA:61,0
DA:63,0
DA:64,0
DA:68,0
DA:69,0
DA:70,0
DA:72,0
DA:73,0
DA:75,0
DA:78,0
DA:79,0
DA:82,0
DA:83,0
DA:89,0
DA:91,0
DA:94,0
DA:95,0
DA:96,0
DA:103,0
DA:104,0
DA:105,0
DA:106,0
DA:110,0
DA:111,0
DA:113,0
DA:114,0
DA:117,0
DA:118,0
DA:119,0
DA:120,0
DA:121,0
DA:122,0
DA:124,0
DA:126,0
DA:130,0
DA:132,0
DA:133,0
DA:134,0
DA:135,0
DA:141,0
DA:142,0
DA:143,0
DA:144,0
DA:145,0
DA:146,0
DA:147,0
DA:148,0
DA:150,0
DA:152,0
DA:184,0
DA:185,0
DA:186,0
DA:187,0
DA:189,0
DA:190,0
DA:191,0
DA:192,0
DA:193,0
DA:195,0
DA:212,0
DA:218,0
DA:224,0
DA:228,0
DA:229,0
DA:230,0
DA:233,0
DA:234,0
DA:235,0
DA:237,0
DA:238,0
DA:240,0
DA:244,0
DA:245,0
DA:252,0
DA:253,0
DA:254,0
DA:256,0
DA:257,0
DA:258,0
DA:260,0
DA:261,0
DA:262,0
DA:268,0
DA:269,0
DA:271,0
DA:273,0
DA:274,0
DA:279,0
DA:280,0
DA:283,0
DA:284,0
DA:285,0
DA:286,0
DA:287,0
DA:288,0
DA:289,0
DA:290,0
DA:291,0
DA:292,0
DA:294,0
DA:299,0
DA:301,0
DA:302,0
DA:305,0
DA:306,0
DA:308,0
DA:309,0
DA:311,0
DA:333,0
DA:334,0
DA:335,0
DA:338,0
DA:339,0
DA:340,0
DA:341,0
DA:342,0
DA:343,0
DA:344,0
DA:346,0
DA:349,0
DA:350,0
DA:351,0
DA:352,0
DA:354,0
DA:355,0
DA:356,0
DA:357,0
DA:358,0
DA:359,0
DA:361,0
DA:364,0
DA:365,0
DA:366,0
DA:368,0
DA:369,0
DA:371,0
DA:372,0
DA:374,0
DA:375,0
DA:376,0
LH:0
LF:149
end_of_record
SF:src/TensorDiagrams.jl
DA:54,1
DA:55,1
DA:56,2
DA:57,2
DA:59,1
DA:60,2
DA:61,2
DA:62,1
DA:74,40638
DA:76,20319
DA:91,17593
DA:103,17593
DA:131,17593
DA:148,1000
DA:149,24881
DA:171,5809
DA:172,5809
DA:173,5809
DA:176,11028
DA:177,590
DA:181,10436
DA:182,10438
DA:184,10436
DA:185,10438
DA:187,10436
DA:188,625
DA:192,4596
DA:193,55699
DA:194,55043
DA:196,55699
DA:197,53153
DA:199,55699
DA:201,4594
DA:202,4594
DA:203,4594
DA:205,4594
DA:206,4594
DA:207,4594
DA:210,4594
DA:249,7259
DA:250,7259
DA:252,7259
DA:253,14518
DA:255,14518
DA:257,7259
DA:259,14518
DA:261,7259
DA:263,1265314
DA:265,877215
DA:267,7259
DA:269,7259
DA:271,7259
DA:274,7259
DA:307,742
DA:308,742
DA:310,742
DA:311,742
DA:313,742
DA:315,742
DA:316,742
DA:317,742
DA:318,20349
DA:319,3992
DA:321,8549
DA:323,10545
DA:324,742
DA:326,742
DA:327,742
DA:328,9291
DA:331,742
DA:333,1484
DA:335,1484
DA:337,742
DA:339,1484
DA:340,1484
DA:341,2968
DA:342,742
DA:345,742
DA:346,6678
DA:347,2968
DA:348,2968
DA:350,2968
DA:351,2968
DA:352,2968
DA:353,2259
DA:354,2259
DA:356,709
DA:357,709
DA:359,2968
DA:360,2968
DA:362,1484
DA:364,742
DA:366,742
DA:380,4000
DA:381,4000
DA:413,3747
DA:414,3747
DA:416,7494
DA:417,2971
DA:419,7494
DA:420,2948
DA:423,7494
DA:424,2944
DA:426,7494
DA:427,2969
DA:430,3747
DA:457,3000
DA:458,3000
DA:460,6000
DA:461,2519
DA:463,6000
DA:464,2530
DA:468,6000
DA:469,2577
DA:471,6000
DA:472,2493
DA:475,3000
DA:503,3000
DA:504,3000
DA:505,1000
DA:506,2000
DA:507,1000
DA:509,1000
DA:522,16103
DA:523,16103
DA:555,0
DA:556,0
DA:557,0
DA:558,0
DA:559,0
DA:560,0
DA:561,0
DA:562,0
DA:563,0
DA:564,0
DA:567,0
DA:581,0
DA:582,0
DA:583,0
DA:584,0
DA:598,0
DA:599,0
DA:600,0
DA:601,0
DA:603,0
DA:617,0
DA:618,0
DA:619,0
DA:620,0
DA:642,13113
DA:643,13113
DA:644,0
DA:646,13113
DA:647,13113
DA:648,13113
DA:649,13113
DA:663,747
DA:664,747
DA:690,0
DA:691,0
DA:693,0
DA:695,0
DA:696,0
DA:697,0
DA:700,0
DA:701,0
DA:702,0
DA:703,0
DA:707,0
DA:708,0
DA:710,0
DA:711,0
DA:714,0
DA:756,0
DA:757,0
DA:772,0
DA:773,0
DA:779,0
DA:783,0
DA:784,0
DA:788,0
DA:790,0
DA:791,0
DA:792,0
DA:793,0
DA:794,0
DA:795,0
DA:797,0
DA:800,0
DA:802,0
LH:133
LF:190
end_of_record
SF:src/diagram_completion.jl
DA:16,0
DA:18,0
DA:19,0
DA:21,0
DA:22,0
DA:26,0
DA:29,0
DA:30,0
DA:34,0
DA:35,0
DA:36,0
DA:37,0
DA:42,0
DA:43,0
DA:46,0
DA:50,0
DA:52,0
DA:53,0
DA:56,0
DA:57,0
DA:58,0
DA:59,0
DA:60,0
DA:61,0
DA:62,0
DA:63,0
DA:64,0
DA:65,0
LH:0
LF:28
end_of_record
SF:src/diagram_gluing.jl
DA:16,0
DA:19,0
DA:20,0
DA:30,0
DA:31,0
DA:33,0
DA:38,0
DA:41,0
DA:43,0
DA:44,0
DA:50,0
DA:51,0
DA:53,0
DA:54,0
DA:59,0
DA:60,0
DA:62,0
DA:63,0
DA:67,0
DA:68,0
DA:72,0
DA:73,0
DA:74,0
DA:76,0
DA:77,0
DA:79,0
DA:82,0
DA:85,0
DA:86,0
DA:87,0
DA:89,0
DA:95,0
DA:96,0
DA:97,0
DA:100,0
DA:101,0
DA:103,0
DA:104,0
DA:107,0
DA:108,0
DA:109,0
DA:111,0
DA:112,0
DA:113,0
DA:121,0
DA:122,0
DA:124,0
DA:126,0
DA:127,0
DA:128,0
DA:129,0
DA:130,0
DA:131,0
DA:132,0
DA:134,0
DA:135,0
DA:136,0
DA:138,0
DA:139,0
DA:140,0
DA:141,0
DA:143,0
DA:146,0
DA:147,0
DA:152,0
DA:153,0
DA:159,0
DA:160,0
DA:162,0
DA:163,0
DA:167,0
DA:168,0
DA:169,0
DA:171,0
DA:172,0
DA:174,0
DA:175,0
DA:183,0
DA:184,0
DA:188,0
DA:189,0
DA:190,0
DA:193,0
DA:194,0
DA:195,0
DA:196,0
DA:197,0
DA:199,0
DA:200,0
DA:201,0
DA:203,0
DA:204,0
DA:207,0
DA:208,0
DA:209,0
DA:212,0
DA:216,0
DA:224,0
DA:225,0
DA:228,0
LH:0
LF:100
end_of_record
SF:src/diagram_plotting_utils.jl
DA:38,0
DA:39,0
DA:40,0
DA:42,0
DA:43,0
DA:44,0
DA:45,0
DA:46,0
DA:48,0
DA:50,0
DA:70,0
DA:71,0
DA:72,0
DA:75,0
DA:76,0
DA:77,0
DA:78,0
DA:81,0
DA:82,0
DA:83,0
DA:86,0
DA:87,0
DA:88,0
DA:89,0
DA:90,0
DA:91,0
DA:93,0
DA:96,0
DA:123,0
DA:125,0
DA:126,0
DA:129,0
DA:130,0
DA:131,0
DA:132,0
DA:135,0
DA:144,0
DA:150,0
DA:151,0
DA:152,0
DA:153,0
DA:154,0
DA:155,0
DA:156,0
DA:159,0
DA:163,0
DA:164,0
DA:165,0
DA:167,0
DA:169,0
DA:171,0
DA:173,0
DA:175,0
DA:177,0
DA:181,0
DA:195,0
DA:196,0
DA:197,0
DA:198,0
DA:199,0
DA:201,0
DA:202,0
DA:203,0
DA:205,0
DA:207,0
DA:211,0
DA:217,0
DA:218,0
DA:220,0
DA:224,0
DA:225,0
DA:226,0
DA:247,0
DA:248,0
DA:249,0
DA:250,0
DA:251,0
DA:253,0
DA:254,0
DA:255,0
DA:257,0
DA:259,0
DA:260,0
DA:261,0
DA:262,0
DA:263,0
DA:264,0
DA:284,0
DA:286,0
DA:287,0
DA:290,0
DA:292,0
DA:293,0
DA:294,0
DA:295,0
DA:298,0
DA:299,0
DA:301,0
DA:302,0
DA:303,0
DA:304,0
DA:308,0
DA:309,0
DA:311,0
DA:312,0
DA:314,0
DA:320,0
DA:321,0
DA:322,0
DA:323,0
DA:324,0
DA:325,0
DA:326,0
DA:327,0
DA:328,0
DA:329,0
DA:332,0
DA:333,0
DA:334,0
DA:336,0
DA:337,0
DA:338,0
DA:339,0
DA:341,0
DA:343,0
DA:344,0
DA:346,0
DA:347,0
DA:348,0
DA:349,0
DA:350,0
DA:351,0
DA:352,0
DA:354,0
DA:355,0
DA:358,0
DA:361,0
DA:362,0
DA:363,0
DA:364,0
DA:366,0
DA:370,0
DA:371,0
DA:388,0
DA:389,0
DA:391,0
DA:392,0
DA:393,0
DA:394,0
DA:396,0
DA:403,0
DA:407,0
DA:408,0
DA:409,0
DA:410,0
DA:412,0
DA:413,0
DA:415,0
DA:416,0
DA:419,0
DA:458,0
DA:478,0
DA:479,0
DA:481,0
DA:482,0
DA:483,0
DA:484,0
DA:486,0
DA:487,0
DA:490,0
DA:493,0
DA:494,0
DA:496,0
DA:498,0
DA:499,0
DA:500,0
DA:501,0
DA:502,0
DA:505,0
DA:508,0
DA:509,0
DA:510,0
DA:511,0
DA:512,0
DA:513,0
DA:516,0
DA:518,0
DA:525,0
DA:526,0
DA:527,0
DA:528,0
DA:530,0
DA:531,0
DA:532,0
DA:533,0
DA:534,0
DA:535,0
DA:538,0
DA:539,0
DA:540,0
DA:541,0
DA:542,0
DA:544,0
DA:545,0
DA:546,0
DA:549,0
DA:552,0
DA:560,0
DA:561,0
DA:562,0
DA:566,0
DA:570,0
DA:571,0
DA:572,0
DA:573,0
DA:575,0
DA:577,0
DA:578,0
DA:579,0
DA:581,0
DA:582,0
DA:583,0
DA:585,0
DA:588,0
DA:589,0
DA:590,0
DA:591,0
DA:595,0
DA:597,0
DA:598,0
DA:599,0
DA:601,0
DA:602,0
DA:603,0
DA:605,0
DA:608,0
DA:609,0
DA:610,0
DA:611,0
DA:616,0
DA:619,0
DA:620,0
DA:621,0
DA:622,0
DA:623,0
DA:625,0
DA:628,0
DA:629,0
DA:630,0
DA:632,0
DA:633,0
DA:634,0
DA:635,0
DA:636,0
DA:637,0
DA:638,0
DA:639,0
DA:640,0
DA:641,0
DA:642,0
DA:643,0
DA:646,0
DA:649,0
DA:652,0
DA:653,0
DA:656,0
DA:659,0
DA:666,0
DA:667,0
DA:668,0
DA:669,0
DA:670,0
DA:671,0
DA:673,0
DA:675,0
DA:678,0
DA:679,0
DA:680,0
LH:0
LF:278
end_of_record
SF:src/diagram_standardizer.jl
DA:11,12366
DA:13,12366
DA:17,49464
DA:20,12366
DA:22,12366
DA:23,98928
DA:24,49464
DA:25,49464
DA:26,49464
DA:27,110279
DA:28,181661
DA:30,86562
DA:33,207157
DA:36,24155
DA:37,12366
DA:41,12366
DA:42,12366
DA:43,54781
DA:44,339931
DA:45,142650
DA:47,352292
DA:48,176146
DA:49,97201
DA:52,12366
DA:53,12366
DA:54,12366
DA:57,12366
DA:60,12366
DA:61,220558
DA:62,1125
DA:66,109154
DA:67,206519
DA:68,31286
DA:69,31286
DA:74,160093
DA:75,50939
DA:79,50939
DA:80,50939
DA:82,221572
DA:84,29705
DA:85,29705
DA:86,29705
DA:89,29705
DA:90,118820
DA:91,19653
DA:92,19653
DA:94,59410
DA:96,168564
DA:98,50939
DA:99,110279
DA:103,12366
DA:104,185795
DA:106,12366
DA:107,12366
DA:108,1271
DA:109,1310
DA:110,1271
DA:111,3791
DA:112,3791
DA:113,3791
DA:117,12366
DA:119,12366
LH:62
LF:62
end_of_record
SF:src/palette.jl
LH:0
LF:0
end_of_record
SF:src/random_generators.jl
DA:25,19144
DA:27,38288
DA:28,9572
DA:31,9572
DA:32,52617
DA:33,52617
DA:34,24692
DA:36,52617
DA:37,95662
DA:38,9572
DA:41,9572
DA:43,9572
DA:45,9572
DA:46,19144
DA:49,9572
DA:70,6000
DA:71,3000
DA:74,3000
DA:75,6000
DA:76,3000
DA:77,3000
DA:93,8000
DA:94,4000
DA:95,4000
DA:96,8000
DA:97,4000
DA:98,4000
DA:131,3496
DA:136,1748
DA:137,1748
DA:138,258
DA:141,1490
DA:148,1490
DA:149,2980
DA:150,1490
DA:151,3955
DA:153,742
DA:154,61
DA:155,38
DA:156,26
DA:157,14
DA:159,24
DA:160,24
DA:163,23
DA:166,681
DA:167,681
DA:173,4540
DA:175,3806
DA:177,781
DA:178,781
DA:180,3806
DA:182,781
DA:183,781
DA:184,1128
DA:185,681
DA:187,447
DA:188,447
DA:190,781
DA:191,781
DA:192,2978
DA:196,1490
DA:199,1490
DA:200,1490
DA:201,6572
DA:202,21121
DA:203,35670
DA:204,11656
DA:205,1490
DA:209,1490
DA:210,1490
DA:212,308447
DA:214,23337
DA:215,10312
DA:216,10312
DA:218,2713
DA:221,13025
DA:222,13025
DA:223,13025
DA:224,24660
DA:228,1490
DA:229,5538
DA:230,4048
DA:233,13440
DA:235,7887
DA:236,209
DA:238,3839
DA:239,3839
DA:242,4048
DA:243,4048
DA:244,4048
DA:245,4048
DA:248,1490
DA:249,1490
DA:251,6572
DA:254,6572
DA:256,6572
DA:258,6572
DA:259,11656
DA:263,1490
DA:264,1490
DA:266,5960
DA:267,2880
DA:270,1490
DA:271,13025
DA:272,13025
DA:273,13025
DA:276,1490
DA:277,1490
DA:278,1490
DA:280,1490
DA:281,5960
DA:282,8940
DA:283,10517
DA:284,5960
DA:286,1490
DA:288,1490
DA:299,1496
DA:301,748
DA:302,1496
DA:303,1873
DA:306,1496
DA:308,748
DA:309,79
DA:312,669
DA:316,669
DA:317,1338
DA:318,4014
DA:320,2676
DA:322,3763
DA:323,4683
DA:325,669
DA:326,669
DA:327,1125
DA:328,1125
DA:329,1125
DA:330,1125
DA:331,1581
DA:333,669
LH:138
LF:138
end_of_record
SF:src/utils.jl
DA:24,0
DA:25,0
DA:26,0
DA:27,0
DA:28,0
DA:30,0
DA:31,0
DA:45,1125
DA:46,1125
DA:47,1125
DA:48,1125
DA:49,1125
DA:65,0
DA:66,0
DA:67,0
DA:68,0
DA:69,0
DA:72,0
DA:74,0
DA:77,0
DA:78,0
DA:81,0
DA:82,0
DA:86,0
DA:87,0
DA:91,0
DA:92,0
DA:93,0
DA:94,0
DA:97,0
DA:98,0
DA:100,0
DA:101,0
DA:102,0
DA:105,0
DA:106,0
DA:107,0
DA:135,0
DA:136,0
DA:137,0
DA:138,0
DA:139,0
DA:140,0
DA:141,0
DA:142,0
DA:143,0
DA:144,0
DA:145,0
DA:147,0
DA:148,0
DA:149,0
DA:151,0
DA:152,0
DA:155,0
DA:156,0
DA:157,0
DA:158,0
DA:159,0
DA:160,0
DA:163,0
DA:164,0
DA:165,0
DA:166,0
DA:167,0
DA:168,0
DA:170,0
DA:192,0
DA:193,0
DA:194,0
DA:195,0
DA:196,0
DA:197,0
DA:198,0
DA:199,0
DA:214,0
DA:215,0
DA:216,0
DA:217,0
DA:218,0
DA:219,0
DA:220,0
DA:221,0
DA:222,0
DA:223,0
DA:224,0
DA:245,0
DA:246,0
DA:247,0
DA:248,0
DA:252,0
DA:255,0
DA:256,0
DA:257,0
DA:260,0
DA:262,0
DA:264,0
DA:265,0
DA:266,0
DA:269,0
DA:270,0
DA:271,0
DA:272,0
DA:273,0
DA:274,0
DA:275,0
DA:277,0
DA:278,0
LH:5
LF:107
end_of_record
